info: 28-10-2021 12:18:09: 	{
  name: 'Hasan Basi KOÇ',
  password: '8b596f91172fa71f927320cc761be9d3bc3fd3ab4347f373b9f8f34cd1fd24cb',
  email: 'hasan.koc@dizayn.net.tr',
  _id: new ObjectId("617a6ad1db0c6aaba14ceaf3"),
  createdAt: 2021-10-28T09:18:09.260Z,
  updatedAt: 2021-10-28T09:18:09.260Z
}
info: 28-10-2021 12:22:16: 	{
  name: 'Hasan Basi KOÇ',
  password: 'a846ca1e6f8b86b829ae3e5ad78f44542a2cbf1f5c7c1f9e8fd1b0421069818a',
  email: 'hasan.koc@dizayn.net.tr',
  _id: new ObjectId("617a6bc87653c474cfedfa91"),
  createdAt: 2021-10-28T09:22:16.535Z,
  updatedAt: 2021-10-28T09:22:16.535Z
}
info: 28-10-2021 12:22:24: 	{
  name: 'Hasan Basi KOÇ',
  password: 'a846ca1e6f8b86b829ae3e5ad78f44542a2cbf1f5c7c1f9e8fd1b0421069818a',
  email: 'hasan.koc@dizayn.net.tr',
  _id: new ObjectId("617a6bd07653c474cfedfa94"),
  createdAt: 2021-10-28T09:22:24.807Z,
  updatedAt: 2021-10-28T09:22:24.807Z
}
info: 23-02-2022 17:06:25: 	{
  name: 'Hasan Basri KOÇ',
  password: '6765277cceabbf767b611d4f645b65793215f6db7531016d95513104f964b500',
  email: 'hasan.koc@dizayn.net.tr',
  _id: new ObjectId("62163f617a80dc6792b54285"),
  createdAt: 2022-02-23T14:06:25.270Z,
  updatedAt: 2022-02-23T14:06:25.270Z
}
